  abstract_item.cpp
  account_management.cpp
  cart_item.cpp
  item_list.cpp
  item_list_management.cpp
  item_with_exdate.cpp
D:\GitHub_Project\convenience-store_pos\src\pos_team12_final\item_with_exdate.cpp(72,50): warning C4267: '=': 'size_t'에서 'int'(으)로 변환하면서 데이터가 손실될 수 있습니다.
  item_with_guarantee.cpp
D:\GitHub_Project\convenience-store_pos\src\pos_team12_final\item_with_guarantee.cpp(72,50): warning C4267: '=': 'size_t'에서 'int'(으)로 변환하면서 데이터가 손실될 수 있습니다.
  main.cpp
  money.cpp
  order.cpp
  order_log.cpp
  order_management.cpp
  purchase_management.cpp
  refund_management.cpp
  shopping_cart.cpp
  stock_management.cpp
  코드를 생성하고 있습니다...
D:\GitHub_Project\convenience-store_pos\src\pos_team12_final\order_log.cpp(30): warning C4715: 'pos::order_log::order_pop': 모든 제어 경로에서 값을 반환하지는 않습니다.
  pos_team12_final.vcxproj -> D:\GitHub_Project\convenience-store_pos\src\x64\Debug\pos_team12_final.exe
