c:\users\junghyeon\desktop\pos_team12_final\pos_team12_final\x64\debug\vc143.pdb
c:\users\junghyeon\desktop\pos_team12_final\pos_team12_final\x64\debug\vc143.idb
c:\users\junghyeon\desktop\pos_team12_final\pos_team12_final\x64\debug\stock_management.obj
c:\users\junghyeon\desktop\pos_team12_final\pos_team12_final\x64\debug\shopping_cart.obj
c:\users\junghyeon\desktop\pos_team12_final\pos_team12_final\x64\debug\refund_management.obj
c:\users\junghyeon\desktop\pos_team12_final\pos_team12_final\x64\debug\purchase_management.obj
c:\users\junghyeon\desktop\pos_team12_final\pos_team12_final\x64\debug\order_management.obj
c:\users\junghyeon\desktop\pos_team12_final\pos_team12_final\x64\debug\order_log.obj
c:\users\junghyeon\desktop\pos_team12_final\pos_team12_final\x64\debug\order.obj
c:\users\junghyeon\desktop\pos_team12_final\pos_team12_final\x64\debug\money.obj
c:\users\junghyeon\desktop\pos_team12_final\pos_team12_final\x64\debug\main.obj
c:\users\junghyeon\desktop\pos_team12_final\pos_team12_final\x64\debug\item_with_guarantee.obj
c:\users\junghyeon\desktop\pos_team12_final\pos_team12_final\x64\debug\item_with_exdate.obj
c:\users\junghyeon\desktop\pos_team12_final\pos_team12_final\x64\debug\item_list_management.obj
c:\users\junghyeon\desktop\pos_team12_final\pos_team12_final\x64\debug\item_list.obj
c:\users\junghyeon\desktop\pos_team12_final\pos_team12_final\x64\debug\cart_item.obj
c:\users\junghyeon\desktop\pos_team12_final\pos_team12_final\x64\debug\account_management.obj
c:\users\junghyeon\desktop\pos_team12_final\pos_team12_final\x64\debug\abstract_item.obj
c:\users\junghyeon\desktop\pos_team12_final\x64\debug\pos_team12_final.exe
c:\users\junghyeon\desktop\pos_team12_final\pos_team12_final\x64\debug\pos_team12_final.ilk
c:\users\junghyeon\desktop\pos_team12_final\x64\debug\pos_team12_final.pdb
c:\users\junghyeon\desktop\객체지향 프로그래밍\편의점 pos 프로젝트\pos_team12_final\pos_team12_final\x64\debug\abstract_item.obj
c:\users\junghyeon\desktop\객체지향 프로그래밍\편의점 pos 프로젝트\pos_team12_final\pos_team12_final\x64\debug\account_management.obj
c:\users\junghyeon\desktop\객체지향 프로그래밍\편의점 pos 프로젝트\pos_team12_final\pos_team12_final\x64\debug\cart_item.obj
c:\users\junghyeon\desktop\객체지향 프로그래밍\편의점 pos 프로젝트\pos_team12_final\pos_team12_final\x64\debug\item_list.obj
c:\users\junghyeon\desktop\객체지향 프로그래밍\편의점 pos 프로젝트\pos_team12_final\pos_team12_final\x64\debug\item_list_management.obj
c:\users\junghyeon\desktop\객체지향 프로그래밍\편의점 pos 프로젝트\pos_team12_final\pos_team12_final\x64\debug\item_with_exdate.obj
c:\users\junghyeon\desktop\객체지향 프로그래밍\편의점 pos 프로젝트\pos_team12_final\pos_team12_final\x64\debug\item_with_guarantee.obj
c:\users\junghyeon\desktop\객체지향 프로그래밍\편의점 pos 프로젝트\pos_team12_final\pos_team12_final\x64\debug\main.obj
c:\users\junghyeon\desktop\객체지향 프로그래밍\편의점 pos 프로젝트\pos_team12_final\pos_team12_final\x64\debug\money.obj
c:\users\junghyeon\desktop\객체지향 프로그래밍\편의점 pos 프로젝트\pos_team12_final\pos_team12_final\x64\debug\order.obj
c:\users\junghyeon\desktop\객체지향 프로그래밍\편의점 pos 프로젝트\pos_team12_final\pos_team12_final\x64\debug\order_log.obj
c:\users\junghyeon\desktop\객체지향 프로그래밍\편의점 pos 프로젝트\pos_team12_final\pos_team12_final\x64\debug\order_management.obj
c:\users\junghyeon\desktop\객체지향 프로그래밍\편의점 pos 프로젝트\pos_team12_final\pos_team12_final\x64\debug\purchase_management.obj
c:\users\junghyeon\desktop\객체지향 프로그래밍\편의점 pos 프로젝트\pos_team12_final\pos_team12_final\x64\debug\refund_management.obj
c:\users\junghyeon\desktop\객체지향 프로그래밍\편의점 pos 프로젝트\pos_team12_final\pos_team12_final\x64\debug\shopping_cart.obj
c:\users\junghyeon\desktop\객체지향 프로그래밍\편의점 pos 프로젝트\pos_team12_final\pos_team12_final\x64\debug\stock_management.obj
c:\users\junghyeon\desktop\객체지향 프로그래밍\편의점 pos 프로젝트\pos_team12_final\pos_team12_final\x64\debug\pos_team12_final.ilk
c:\users\junghyeon\desktop\객체지향 프로그래밍\편의점 pos 프로젝트\pos_team12_final\pos_team12_final\x64\debug\vc143.idb
c:\users\junghyeon\desktop\객체지향 프로그래밍\편의점 pos 프로젝트\pos_team12_final\pos_team12_final\x64\debug\vc143.pdb
c:\users\junghyeon\desktop\객체지향 프로그래밍\편의점 pos 프로젝트\pos_team12_final\x64\debug\pos_team12_final.pdb
c:\users\junghyeon\desktop\객체지향 프로그래밍\편의점 pos 프로젝트\pos_team12_final\x64\debug\pos_team12_final.exe
c:\users\junghyeon\desktop\객체지향 프로그래밍\편의점 pos 프로젝트\pos_team12_final\pos_team12_final\x64\debug\pos_team12_final.tlog\cl.command.1.tlog
c:\users\junghyeon\desktop\객체지향 프로그래밍\편의점 pos 프로젝트\pos_team12_final\pos_team12_final\x64\debug\pos_team12_final.tlog\cl.read.1.tlog
c:\users\junghyeon\desktop\객체지향 프로그래밍\편의점 pos 프로젝트\pos_team12_final\pos_team12_final\x64\debug\pos_team12_final.tlog\cl.write.1.tlog
c:\users\junghyeon\desktop\객체지향 프로그래밍\편의점 pos 프로젝트\pos_team12_final\pos_team12_final\x64\debug\pos_team12_final.tlog\link.command.1.tlog
c:\users\junghyeon\desktop\객체지향 프로그래밍\편의점 pos 프로젝트\pos_team12_final\pos_team12_final\x64\debug\pos_team12_final.tlog\link.read.1.tlog
c:\users\junghyeon\desktop\객체지향 프로그래밍\편의점 pos 프로젝트\pos_team12_final\pos_team12_final\x64\debug\pos_team12_final.tlog\link.write.1.tlog
